#2019.4.21 8:15# fjk
#2019.4.21 8:18# fjk
#2019.4.21 8:19# fjk
#2019.4.21 8:20# fjk
#2019.4.21 8:23# fjk
#2019.4.21 8:23# fjk
#2019.4.21 8:23# fjk
#2019.4.21 8:23# fjk
#2019.4.21 8:24# fjk
#2019.4.23 5:54# 40: [catalog_icon_30.png]
#2019.4.23 5:57# 40: [catalog_icon_30.png]
#2019.4.23 5:57# 40: [catalog_icon_30.png]
#2019.4.23 5:58# 40: [catalog_icon_30.png]
#2019.4.23 5:59# 40: [catalog_icon_30.png]
#2019.4.23 5:59# 40: [catalog_icon_30.png]
#2019.4.23 6:0# 40: [catalog_icon_30.png]
#2019.4.23 6:0# 40: [catalog_icon_30.png]
#2019.4.23 6:0# 40: [catalog_icon_30.png]
#2019.4.23 6:1# 40: [catalog_icon_30.png]
#2019.4.23 6:1# 40: [catalog_icon_30.png]
#2019.4.23 6:1# 40: [catalog_icon_30.png]
#2019.4.23 6:2# 40: [catalog_icon_30.png]
#2019.4.23 6:2# 40: [catalog_icon_30.png]
#2019.4.23 6:2# 40: [catalog_icon_30.png]
#####2019.5.25 3:56:  66: [controller]
Error
    at ErrorHandler.process (/var/www/fishplanet.ru/application/express/components/ErrorHandler.js:38:21)
    at Request.get (/var/www/fishplanet.ru/application/express/components/base/Request.js:44:50)
    at Security.set_controller_and_action (/var/www/fishplanet.ru/application/express/components/base/Security.js:260:47)
    at Security.execute (/var/www/fishplanet.ru/application/express/components/base/Security.js:437:14)
    at Security.run (/var/www/fishplanet.ru/application/express/components/base/Security.js:464:18)
    at Object.<anonymous> (/var/www/fishplanet.ru/index.js:9:40)
    


#####2019.5.25 4:13:  66: [controller]
Error
    at ErrorHandler.process (/var/www/fishplanet.ru/application/express/components/ErrorHandler.js:38:21)
    at Request.get (/var/www/fishplanet.ru/application/express/components/base/Request.js:44:50)
    at Security.set_controller_and_action (/var/www/fishplanet.ru/application/express/components/base/Security.js:260:47)
    at Security.execute (/var/www/fishplanet.ru/application/express/components/base/Security.js:437:14)
    at Security.run (/var/www/fishplanet.ru/application/express/components/base/Security.js:464:18)
    at Object.<anonymous> (/var/www/fishplanet.ru/index.js:9:40)
    


#####2019.5.25 4:14:  66: [controller]
Error
    at ErrorHandler.process (/var/www/fishplanet.ru/application/express/components/ErrorHandler.js:38:21)
    at Request.get (/var/www/fishplanet.ru/application/express/components/base/Request.js:44:50)
    at Security.set_controller_and_action (/var/www/fishplanet.ru/application/express/components/base/Security.js:260:47)
    at Security.execute (/var/www/fishplanet.ru/application/express/components/base/Security.js:437:14)
    at Security.run (/var/www/fishplanet.ru/application/express/components/base/Security.js:464:18)
    at Object.<anonymous> (/var/www/fishplanet.ru/index.js:9:40)
    


#####2019.5.25 4:14:  66: [controller]
Error
    at ErrorHandler.process (/var/www/fishplanet.ru/application/express/components/ErrorHandler.js:38:21)
    at Request.get (/var/www/fishplanet.ru/application/express/components/base/Request.js:44:50)
    at Security.set_controller_and_action (/var/www/fishplanet.ru/application/express/components/base/Security.js:260:47)
    at Security.execute (/var/www/fishplanet.ru/application/express/components/base/Security.js:437:14)
    at Security.run (/var/www/fishplanet.ru/application/express/components/base/Security.js:464:18)
    at Object.<anonymous> (/var/www/fishplanet.ru/index.js:9:40)
    


